<?xml version="1.0" encoding="UTF-8"?>
<!-- Generated by org.testng.reporters.JUnitReportReporter -->
<testsuite hostname="DESKTOP-80GNOIC" failures="0" tests="1" name="Assign1.GoogleSearch" time="2.655" errors="0" timestamp="2021-08-25T16:31:46 IST" skipped="0">
  <testcase classname="Assign1.GoogleSearch" name="f" time="2.655"/>
  <system-out/>
</testsuite> <!-- Assign1.GoogleSearch -->
