<?xml version="1.0" encoding="UTF-8"?>
<!-- Generated by org.testng.reporters.JUnitReportReporter -->
<testsuite hostname="DESKTOP-80GNOIC" failures="0" tests="2" name="Assign1.Annotations" time="0.037" errors="0" timestamp="2021-08-25T11:47:12 IST" skipped="0">
  <testcase classname="Assign1.Annotations" name="f" time="0.025"/>
  <system-out/>
  <testcase classname="Assign1.Annotations" name="f" time="0.012"/>
  <system-out/>
</testsuite> <!-- Assign1.Annotations -->
